2023-10-03 13:50:09,711 [ERROR] LogOutputStream:75 - [STDERR_REDIRECT] 
2023-10-03 13:50:38,362 [INFO] Activator:176 - 


2023-10-03 13:50:38,365 [INFO] Activator:177 - !SESSION log4j initialized
2023-10-03 13:50:39,132 [ERROR] LogOutputStream:75 - [STDERR_REDIRECT] [Fatal Error] :8:2: El contenido de los elementos debe constar de marcadores o datos de car?cter con un formato correcto.
2023-10-03 13:50:39,133 [ERROR] LogOutputStream:75 - [STDERR_REDIRECT] 
2023-10-03 13:50:42,188 [ERROR] LogOutputStream:75 - [STDERR_REDIRECT] [Fatal Error] :8:2: El contenido de los elementos debe constar de marcadores o datos de car?cter con un formato correcto.
2023-10-03 13:50:42,189 [ERROR] LogOutputStream:75 - [STDERR_REDIRECT] 
2023-10-03 13:50:45,194 [INFO] LogOutputStream:77 - [STDOUT_REDIRECT] 
2023-10-03 13:50:47,195 [INFO] ApplicationProperties:184 - Using Application install path: C:\ST\STM32CubeIDE_1.13.1\STM32CubeIDE\plugins\com.st.stm32cube.common.mx_6.9.1.202307191849
2023-10-03 13:50:47,215 [INFO] DbMcusXml:78 - Set database path to: C:\ST\STM32CubeIDE_1.13.1\STM32CubeIDE\plugins\com.st.stm32cube.common.mx_6.9.1.202307191849\\db\/mcu/
2023-10-03 13:50:47,215 [INFO] ApiDb:274 - Set plugin database path to: C:\ST\STM32CubeIDE_1.13.1\STM32CubeIDE\plugins\com.st.stm32cube.common.mx_6.9.1.202307191849\\db\/plugins/boardmanager/
2023-10-03 13:50:47,215 [WARN] ApiDb:259 - Overriding images path with different value:  => C:\ST\STM32CubeIDE_1.13.1\STM32CubeIDE\plugins\com.st.stm32cube.common.mx_6.9.1.202307191849\\db\/plugins/mcufinder/images/
2023-10-03 13:50:47,231 [INFO] ApiDb:250 - Set database path to: C:\Users\sofia\.stmcufinder\plugins\mcufinder//mcu/
2023-10-03 13:50:47,234 [INFO] DbMcusAds:125 - Set database path to: C:\Users\sofia\.stmcufinder\plugins\mcufinder//mcu/
2023-10-03 13:50:47,241 [INFO] CrossReferenceDbSqlite:203 - Set database path to: C:\Users\sofia\.stmcufinder\plugins\mcufinder//mcu/cs/
2023-10-03 13:50:47,363 [INFO] RulesReader:64 - Compatibility file has been processed (293 Rules)
2023-10-03 13:50:47,472 [INFO] DbMcusXml:78 - Set database path to: C:\ST\STM32CubeIDE_1.13.1\STM32CubeIDE\plugins\com.st.stm32cube.common.mx_6.9.1.202307191849\\db\/mcu/
2023-10-03 13:50:47,472 [INFO] ApiDb:274 - Set plugin database path to: C:\ST\STM32CubeIDE_1.13.1\STM32CubeIDE\plugins\com.st.stm32cube.common.mx_6.9.1.202307191849\\db\/plugins/boardmanager/
2023-10-03 13:50:47,474 [INFO] ApiDb:261 - Set plugin images path to: C:\ST\STM32CubeIDE_1.13.1\STM32CubeIDE\plugins\com.st.stm32cube.common.mx_6.9.1.202307191849\\db\/plugins/mcufinder/images/
2023-10-03 13:50:47,474 [WARN] DbFile:41 - Overriding database path with different value: C:\Users\sofia\.stmcufinder\plugins\mcufinder/ => C:\Users\sofia\.stmcufinder\plugins\mcufinder
2023-10-03 13:50:47,474 [INFO] ApiDb:250 - Set database path to: C:\Users\sofia\.stmcufinder\plugins\mcufinder//mcu/
2023-10-03 13:50:47,474 [WARN] DbFile:41 - Overriding database path with different value: C:\Users\sofia\.stmcufinder\plugins\mcufinder/ => C:\Users\sofia\.stmcufinder\plugins\mcufinder
2023-10-03 13:50:47,474 [INFO] DbMcusAds:125 - Set database path to: C:\Users\sofia\.stmcufinder\plugins\mcufinder//mcu/
2023-10-03 13:50:47,474 [WARN] DbFile:41 - Overriding database path with different value: C:\Users\sofia\.stmcufinder\plugins\mcufinder/ => C:\Users\sofia\.stmcufinder\plugins\mcufinder
2023-10-03 13:50:47,475 [WARN] DbFile:41 - Overriding database path with different value: C:\Users\sofia\.stmcufinder\plugins\mcufinder/ => C:\Users\sofia\.stmcufinder\plugins\mcufinder
2023-10-03 13:50:47,475 [INFO] CrossReferenceDbSqlite:203 - Set database path to: C:\Users\sofia\.stmcufinder\plugins\mcufinder//mcu/cs/
2023-10-03 13:50:47,570 [INFO] MainPanel:262 - HeapMemory: 268435456
2023-10-03 13:50:47,679 [INFO] DbMcusXml:78 - Set database path to: C:\ST\STM32CubeIDE_1.13.1\STM32CubeIDE\plugins\com.st.stm32cube.common.mx_6.9.1.202307191849\\db\/mcu/
2023-10-03 13:50:47,679 [INFO] ApiDb:274 - Set plugin database path to: C:\ST\STM32CubeIDE_1.13.1\STM32CubeIDE\plugins\com.st.stm32cube.common.mx_6.9.1.202307191849\\db\/plugins/boardmanager/
2023-10-03 13:50:47,680 [INFO] ApiDb:261 - Set plugin images path to: C:\ST\STM32CubeIDE_1.13.1\STM32CubeIDE\plugins\com.st.stm32cube.common.mx_6.9.1.202307191849\\db\/plugins/mcufinder/images/
2023-10-03 13:50:47,680 [WARN] DbFile:41 - Overriding database path with different value: C:\Users\sofia\.stmcufinder\plugins\mcufinder/ => C:\Users\sofia\.stmcufinder\plugins\mcufinder
2023-10-03 13:50:47,680 [INFO] ApiDb:250 - Set database path to: C:\Users\sofia\.stmcufinder\plugins\mcufinder//mcu/
2023-10-03 13:50:47,681 [WARN] DbFile:41 - Overriding database path with different value: C:\Users\sofia\.stmcufinder\plugins\mcufinder/ => C:\Users\sofia\.stmcufinder\plugins\mcufinder
2023-10-03 13:50:47,681 [INFO] DbMcusAds:125 - Set database path to: C:\Users\sofia\.stmcufinder\plugins\mcufinder//mcu/
2023-10-03 13:50:47,681 [WARN] DbFile:41 - Overriding database path with different value: C:\Users\sofia\.stmcufinder\plugins\mcufinder/ => C:\Users\sofia\.stmcufinder\plugins\mcufinder
2023-10-03 13:50:47,681 [WARN] DbFile:41 - Overriding database path with different value: C:\Users\sofia\.stmcufinder\plugins\mcufinder/ => C:\Users\sofia\.stmcufinder\plugins\mcufinder
2023-10-03 13:50:47,681 [INFO] CrossReferenceDbSqlite:203 - Set database path to: C:\Users\sofia\.stmcufinder\plugins\mcufinder//mcu/cs/
2023-10-03 13:50:47,705 [INFO] ApplicationProperties:184 - Using Application install path: C:\ST\STM32CubeIDE_1.13.1\STM32CubeIDE\plugins\com.st.stm32cube.common.mx_6.9.1.202307191849
2023-10-03 13:50:47,707 [INFO] PluginManage:196 - Search for loadable plugins [exclusion list=, ]
2023-10-03 13:50:47,709 [INFO] PluginManage:310 - Check plugin analytics
2023-10-03 13:50:47,940 [INFO] AnalyticsPlugin:253 - Accepted Software Licenses: 
2023-10-03 13:50:47,940 [INFO] AnalyticsPlugin:255 - Accepted CMSIS Pack Licenses: 
2023-10-03 13:50:47,941 [INFO] AnalyticsPlugin:257 - Accepted Firmware Licenses: FW.H7.1.11.0,FW.L4.1.18.0
2023-10-03 13:50:47,946 [INFO] PluginManage:359 - Loaded plugin analytics (category:tool,tabindex:-1)
2023-10-03 13:50:47,948 [INFO] PluginManage:310 - Check plugin cadmodel
2023-10-03 13:50:47,965 [INFO] CADModel:105 - Init CAD model plugin
2023-10-03 13:50:47,966 [INFO] PluginManage:359 - Loaded plugin cadmodel (category:power,tabindex:5)
2023-10-03 13:50:47,966 [INFO] PluginManage:310 - Check plugin clock
2023-10-03 13:50:47,987 [INFO] PluginManage:359 - Loaded plugin clock (category:base,tabindex:2)
2023-10-03 13:50:47,987 [INFO] PluginManage:310 - Check plugin ddr
2023-10-03 13:50:47,990 [INFO] PluginManage:359 - Loaded plugin ddr (category:tool,tabindex:6)
2023-10-03 13:50:47,991 [INFO] PluginManage:310 - Check plugin filemanager
2023-10-03 13:50:48,158 [INFO] PluginManage:359 - Loaded plugin filemanager (category:base,tabindex:10)
2023-10-03 13:50:48,158 [INFO] PluginManage:310 - Check plugin ipmanager
2023-10-03 13:50:48,169 [INFO] PluginManage:359 - Loaded plugin ipmanager (category:base,tabindex:5)
2023-10-03 13:50:48,170 [INFO] PluginManage:310 - Check plugin lpbam
2023-10-03 13:50:48,196 [INFO] PluginManage:359 - Loaded plugin lpbam (category:base,tabindex:0)
2023-10-03 13:50:48,197 [INFO] PluginManage:310 - Check plugin memorymap
2023-10-03 13:50:48,231 [INFO] PluginManage:359 - Loaded plugin memorymap (category:base,tabindex:4)
2023-10-03 13:50:48,232 [INFO] PluginManage:310 - Check plugin pinoutandconfiguration
2023-10-03 13:50:48,247 [INFO] PluginManage:359 - Loaded plugin pinoutandconfiguration (category:base,tabindex:1)
2023-10-03 13:50:48,248 [INFO] PluginManage:310 - Check plugin pinoutconfig
2023-10-03 13:50:48,345 [WARN] SupportedApi:132 - Cannot load RTOS API schema: s4s-elt-must-match.1: The content of 'definitions' must match (annotation?, (simpleType | complexType)?, (unique | key | keyref)*)). A problem was found starting at: attribute.
2023-10-03 13:50:48,494 [INFO] PluginManage:359 - Loaded plugin pinoutconfig (category:base,tabindex:0)
2023-10-03 13:50:48,494 [INFO] PluginManage:310 - Check plugin power
2023-10-03 13:50:48,529 [INFO] PluginManage:359 - Loaded plugin power (category:power,tabindex:4)
2023-10-03 13:50:48,530 [INFO] PluginManage:310 - Check plugin projectmanager
2023-10-03 13:50:48,561 [INFO] PluginManage:359 - Loaded plugin projectmanager (category:projectmanager,tabindex:3)
2023-10-03 13:50:48,561 [INFO] PluginManage:310 - Check plugin thirdparty
2023-10-03 13:50:48,888 [INFO] PluginManage:359 - Loaded plugin thirdparty (category:base,tabindex:-1)
2023-10-03 13:50:48,888 [WARN] IntegrityCheckThread:84 - waiting for thirdparty lock release [integrity check]
2023-10-03 13:50:48,888 [INFO] PluginManage:310 - Check plugin tools
2023-10-03 13:50:48,888 [INFO] IntegrityCheckThread:86 - entering critical section [integrity check]
2023-10-03 13:50:48,890 [INFO] ThirdPartyUpdaterWithRetryManager:70 - Updater plugin not ready yet. [1/15]
2023-10-03 13:50:48,930 [INFO] PluginManage:359 - Loaded plugin tools (category:base,tabindex:7)
2023-10-03 13:50:48,930 [INFO] PluginManage:310 - Check plugin tutovideos
2023-10-03 13:50:49,151 [INFO] PluginManage:359 - Loaded plugin tutovideos (category:base,tabindex:-1)
2023-10-03 13:50:49,151 [INFO] PluginManage:310 - Check plugin updater
2023-10-03 13:50:49,165 [INFO] PluginManage:359 - Loaded plugin updater (category:base,tabindex:12)
2023-10-03 13:50:49,166 [INFO] PluginManage:310 - Check plugin userauth
2023-10-03 13:50:49,174 [INFO] UserAuth:113 - Init User Auth plugin
2023-10-03 13:50:49,174 [INFO] PluginManage:359 - Loaded plugin userauth (category:base,tabindex:14)
2023-10-03 13:50:49,174 [INFO] PluginManage:283 - PluginManage : Loaded plugins [17]
2023-10-03 13:50:49,394 [INFO] PinOutPanel:1499 - setPackage(No Configuration,No Configuration)
2023-10-03 13:50:49,552 [INFO] CADModel:165 - CPN selected for project level
2023-10-03 13:50:49,552 [INFO] CADModel:114 - Register for checkConnection events
2023-10-03 13:50:49,578 [INFO] IPUIPlugin:80 - create IPUIPlugin
2023-10-03 13:50:49,578 [INFO] PluginManager:220 - loadIPPluginJar : add adc
2023-10-03 13:50:49,622 [INFO] IPUIPlugin:80 - create IPUIPlugin
2023-10-03 13:50:49,622 [INFO] PluginManager:220 - loadIPPluginJar : add aes
2023-10-03 13:50:49,659 [INFO] IPUIPlugin:80 - create IPUIPlugin
2023-10-03 13:50:49,660 [INFO] PluginManager:220 - loadIPPluginJar : add can
2023-10-03 13:50:49,677 [INFO] IPUIPlugin:80 - create IPUIPlugin
2023-10-03 13:50:49,677 [INFO] PluginManager:220 - loadIPPluginJar : add comp
2023-10-03 13:50:49,708 [INFO] IPUIPlugin:80 - create IPUIPlugin
2023-10-03 13:50:49,708 [INFO] PluginManager:220 - loadIPPluginJar : add cryp
2023-10-03 13:50:49,733 [INFO] IPUIPlugin:80 - create IPUIPlugin
2023-10-03 13:50:49,735 [INFO] PluginManager:220 - loadIPPluginJar : add dfsdm
2023-10-03 13:50:49,748 [INFO] IPUIPlugin:80 - create IPUIPlugin
2023-10-03 13:50:49,748 [INFO] PluginManager:220 - loadIPPluginJar : add dma
2023-10-03 13:50:49,791 [INFO] IPUIPlugin:80 - create IPUIPlugin
2023-10-03 13:50:49,792 [INFO] PluginManager:220 - loadIPPluginJar : add dma3
2023-10-03 13:50:49,810 [INFO] IPUIPlugin:80 - create IPUIPlugin
2023-10-03 13:50:49,810 [INFO] PluginManager:220 - loadIPPluginJar : add fatfs
2023-10-03 13:50:49,847 [INFO] IPUIPlugin:80 - create IPUIPlugin
2023-10-03 13:50:49,847 [INFO] PluginManager:220 - loadIPPluginJar : add fmc
2023-10-03 13:50:49,860 [INFO] IPUIPlugin:80 - create IPUIPlugin
2023-10-03 13:50:49,860 [INFO] PluginManager:220 - loadIPPluginJar : add freertos
2023-10-03 13:50:49,879 [INFO] IPUIPlugin:80 - create IPUIPlugin
2023-10-03 13:50:49,879 [INFO] PluginManager:220 - loadIPPluginJar : add genericplugin
2023-10-03 13:50:49,958 [INFO] IPUIPlugin:80 - create IPUIPlugin
2023-10-03 13:50:49,959 [INFO] PluginManager:220 - loadIPPluginJar : add gfxmmu
2023-10-03 13:50:50,084 [INFO] IPUIPlugin:80 - create IPUIPlugin
2023-10-03 13:50:50,084 [INFO] PluginManager:220 - loadIPPluginJar : add gic
2023-10-03 13:50:50,096 [INFO] IPUIPlugin:80 - create IPUIPlugin
2023-10-03 13:50:50,097 [INFO] PluginManager:220 - loadIPPluginJar : add gpio
2023-10-03 13:50:50,186 [INFO] IPUIPlugin:80 - create IPUIPlugin
2023-10-03 13:50:50,187 [INFO] PluginManager:220 - loadIPPluginJar : add gtzc
2023-10-03 13:50:50,216 [INFO] IPUIPlugin:80 - create IPUIPlugin
2023-10-03 13:50:50,216 [INFO] PluginManager:220 - loadIPPluginJar : add hash
2023-10-03 13:50:50,268 [INFO] IPUIPlugin:80 - create IPUIPlugin
2023-10-03 13:50:50,268 [INFO] PluginManager:220 - loadIPPluginJar : add i2c
2023-10-03 13:50:50,300 [INFO] IPUIPlugin:80 - create IPUIPlugin
2023-10-03 13:50:50,300 [INFO] PluginManager:220 - loadIPPluginJar : add i2s
2023-10-03 13:50:50,335 [INFO] IPUIPlugin:80 - create IPUIPlugin
2023-10-03 13:50:50,335 [INFO] PluginManager:220 - loadIPPluginJar : add i3c
2023-10-03 13:50:50,469 [INFO] IPUIPlugin:80 - create IPUIPlugin
2023-10-03 13:50:50,469 [INFO] PluginManager:220 - loadIPPluginJar : add ipddr
2023-10-03 13:50:50,571 [INFO] IPUIPlugin:80 - create IPUIPlugin
2023-10-03 13:50:50,571 [INFO] PluginManager:220 - loadIPPluginJar : add linkedlist
2023-10-03 13:50:50,634 [INFO] IPUIPlugin:80 - create IPUIPlugin
2023-10-03 13:50:50,635 [INFO] PluginManager:220 - loadIPPluginJar : add lorawan
2023-10-03 13:50:50,694 [INFO] IPUIPlugin:80 - create IPUIPlugin
2023-10-03 13:50:50,695 [INFO] PluginManager:220 - loadIPPluginJar : add ltdc
2023-10-03 13:50:50,715 [INFO] IPUIPlugin:80 - create IPUIPlugin
2023-10-03 13:50:50,715 [INFO] PluginManager:220 - loadIPPluginJar : add mdma
2023-10-03 13:50:50,732 [INFO] IPUIPlugin:80 - create IPUIPlugin
2023-10-03 13:50:50,732 [INFO] PluginManager:220 - loadIPPluginJar : add nvic
2023-10-03 13:50:50,778 [INFO] IPUIPlugin:80 - create IPUIPlugin
2023-10-03 13:50:50,779 [INFO] PluginManager:220 - loadIPPluginJar : add opamp
2023-10-03 13:50:50,852 [INFO] IPUIPlugin:80 - create IPUIPlugin
2023-10-03 13:50:50,852 [INFO] PluginManager:220 - loadIPPluginJar : add openamp
2023-10-03 13:50:50,894 [INFO] IPUIPlugin:80 - create IPUIPlugin
2023-10-03 13:50:50,894 [INFO] PluginManager:220 - loadIPPluginJar : add pdm2pcm
2023-10-03 13:50:50,911 [INFO] IPUIPlugin:80 - create IPUIPlugin
2023-10-03 13:50:50,914 [INFO] PluginManager:220 - loadIPPluginJar : add plateformsettings
2023-10-03 13:50:50,942 [INFO] IPUIPlugin:80 - create IPUIPlugin
2023-10-03 13:50:50,943 [INFO] PluginManager:220 - loadIPPluginJar : add quadspi
2023-10-03 13:50:50,955 [INFO] IPUIPlugin:80 - create IPUIPlugin
2023-10-03 13:50:50,955 [INFO] PluginManager:220 - loadIPPluginJar : add resmgrutility
2023-10-03 13:50:51,000 [INFO] IPUIPlugin:80 - create IPUIPlugin
2023-10-03 13:50:51,000 [INFO] PluginManager:220 - loadIPPluginJar : add sai
2023-10-03 13:50:51,042 [INFO] IPUIPlugin:80 - create IPUIPlugin
2023-10-03 13:50:51,043 [INFO] PluginManager:220 - loadIPPluginJar : add spi
2023-10-03 13:50:51,099 [INFO] IPUIPlugin:80 - create IPUIPlugin
2023-10-03 13:50:51,099 [INFO] PluginManager:220 - loadIPPluginJar : add stm32_wpan
2023-10-03 13:50:51,118 [INFO] IPUIPlugin:80 - create IPUIPlugin
2023-10-03 13:50:51,118 [INFO] PluginManager:220 - loadIPPluginJar : add tim
2023-10-03 13:50:51,172 [INFO] IPUIPlugin:80 - create IPUIPlugin
2023-10-03 13:50:51,173 [INFO] PluginManager:220 - loadIPPluginJar : add touchsensing
2023-10-03 13:50:51,190 [INFO] IPUIPlugin:80 - create IPUIPlugin
2023-10-03 13:50:51,190 [INFO] PluginManager:220 - loadIPPluginJar : add tracer_emb
2023-10-03 13:50:51,209 [INFO] IPUIPlugin:80 - create IPUIPlugin
2023-10-03 13:50:51,209 [INFO] PluginManager:220 - loadIPPluginJar : add ts
2023-10-03 13:50:51,228 [INFO] IPUIPlugin:80 - create IPUIPlugin
2023-10-03 13:50:51,229 [INFO] PluginManager:220 - loadIPPluginJar : add tsc
2023-10-03 13:50:51,248 [INFO] IPUIPlugin:80 - create IPUIPlugin
2023-10-03 13:50:51,248 [INFO] PluginManager:220 - loadIPPluginJar : add ucpd
2023-10-03 13:50:51,288 [INFO] IPUIPlugin:80 - create IPUIPlugin
2023-10-03 13:50:51,288 [INFO] PluginManager:220 - loadIPPluginJar : add usart
2023-10-03 13:50:51,339 [INFO] IPUIPlugin:80 - create IPUIPlugin
2023-10-03 13:50:51,339 [INFO] PluginManager:220 - loadIPPluginJar : add usbx
2023-10-03 13:50:51,462 [INFO] CADModel:165 - CPN selected for project level
2023-10-03 13:50:51,463 [INFO] CADModel:114 - Register for checkConnection events
2023-10-03 13:50:51,463 [FATAL] Updater:308 - Updater called before beeing initialized
2023-10-03 13:50:51,463 [ERROR] CADModel:125 - Updater not yet initialized, retry later 
2023-10-03 13:50:51,625 [INFO] CADModel:165 - CPN selected for project level
2023-10-03 13:50:51,625 [INFO] CADModel:114 - Register for checkConnection events
2023-10-03 13:50:51,625 [FATAL] Updater:308 - Updater called before beeing initialized
2023-10-03 13:50:51,625 [ERROR] CADModel:125 - Updater not yet initialized, retry later 
2023-10-03 13:50:51,628 [FATAL] Updater:308 - Updater called before beeing initialized
2023-10-03 13:50:51,765 [FATAL] Updater:308 - Updater called before beeing initialized
2023-10-03 13:50:51,777 [INFO] DbMcusAds:53 - JSON generation date=Tue Mar 07 02:50:55 CST 2023 (1678179055114)
2023-10-03 13:50:51,777 [FATAL] Updater:308 - Updater called before beeing initialized
2023-10-03 13:50:51,858 [WARN] DetailPanel:346 - Failed to get advertising image, set to default
2023-10-03 13:50:51,891 [INFO] ThirdPartyUpdaterWithRetryManager:70 - Updater plugin not ready yet. [2/15]
2023-10-03 13:50:51,943 [FATAL] Updater:308 - Updater called before beeing initialized
2023-10-03 13:50:51,945 [FATAL] Updater:308 - Updater called before beeing initialized
2023-10-03 13:50:51,945 [FATAL] Updater:308 - Updater called before beeing initialized
2023-10-03 13:50:51,945 [WARN] DetailPanel:346 - Failed to get advertising image, set to default
2023-10-03 13:50:51,946 [FATAL] Updater:308 - Updater called before beeing initialized
2023-10-03 13:50:52,008 [ERROR] Updater:1120 - MainUpdater not yet initialized. External WinMGr cannot be set.
2023-10-03 13:50:52,019 [INFO] Updater:1056 - Updater Version found : 6.9.1
2023-10-03 13:50:52,043 [INFO] ApplicationProperties:184 - Using Application install path: C:\ST\STM32CubeIDE_1.13.1\STM32CubeIDE\plugins\com.st.stm32cube.common.mx_6.9.1.202307191849
2023-10-03 13:50:52,361 [INFO] MainUpdater:2868 - connection check result : 10
2023-10-03 13:50:52,362 [INFO] MainUpdater:285 - Updater Check For Update Now.
2023-10-03 13:50:52,362 [INFO] MicroXplorer:498 - Change Database Version : DB.6.0.91
2023-10-03 13:50:52,382 [INFO] McuFinderGlobals:63 - Set McuFinder mode to 2 (CubeIDE integrated)
2023-10-03 13:50:52,382 [INFO] UserAuth:179 - activating auth plugin
2023-10-03 13:50:52,385 [INFO] UserAuth:393 - Internet connection configuration mode: 1
2023-10-03 13:50:52,424 [INFO] JxBrowserEngine:151 - Initiate JxBrowser Engine with user profile folder
2023-10-03 13:50:52,603 [INFO] CheckServerUpdateThread:120 - End of CheckServer Thread
2023-10-03 13:50:55,247 [WARN] PackLoader:240 - Cannot read IP mode file for STMicroelectronics.X-CUBE-SMBUS.2.1.0
2023-10-03 13:50:55,317 [WARN] PackLoader:240 - Cannot read IP mode file for STMicroelectronics.X-CUBE-AZRTOS-F7.1.1.0
2023-10-03 13:50:55,348 [WARN] PackLoader:240 - Cannot read IP mode file for STMicroelectronics.FP-SNS-MOTENV1.4.3.2
2023-10-03 13:50:55,383 [WARN] PackLoader:240 - Cannot read IP mode file for STMicroelectronics.X-CUBE-BLE1.6.2.4
2023-10-03 13:50:55,404 [WARN] PackLoader:240 - Cannot read IP mode file for STMicroelectronics.FP-SNS-FLIGHT1.5.0.2
2023-10-03 13:50:55,430 [WARN] PackLoader:240 - Cannot read IP mode file for STMicroelectronics.X-CUBE-DISPLAY.3.0.0
2023-10-03 13:50:55,455 [WARN] PackLoader:240 - Cannot read IP mode file for STMicroelectronics.X-CUBE-BLE1.7.0.0
2023-10-03 13:50:55,474 [WARN] PackLoader:240 - Cannot read IP mode file for emotas.I-CUBE-CANOPEN.1.3.0
2023-10-03 13:50:55,493 [WARN] PackLoader:240 - Cannot read IP mode file for STMicroelectronics.X-CUBE-TOUCHGFX.4.22.0
2023-10-03 13:50:55,515 [WARN] PackLoader:240 - Cannot read IP mode file for STMicroelectronics.FP-SNS-SMARTAG2.1.2.0
2023-10-03 13:50:55,534 [INFO] WebApp:157 - Instantiating new browser for Auth
2023-10-03 13:50:55,544 [INFO] LogOutputStream:77 - [STDOUT_REDIRECT] 1 : Invalid condition id : UX_CORESTACK_Condition cause : null
2023-10-03 13:50:55,545 [INFO] LogOutputStream:77 - [STDOUT_REDIRECT] 1 : Invalid condition id : UX_CORESTACK_Condition cause : null
2023-10-03 13:50:55,547 [INFO] LogOutputStream:77 - [STDOUT_REDIRECT] 1 : Invalid condition id : UX_CORESTACK_Condition cause : null
2023-10-03 13:50:55,548 [INFO] LogOutputStream:77 - [STDOUT_REDIRECT] 1 : Invalid condition id : UX_CORESTACK_Condition cause : null
2023-10-03 13:50:55,549 [INFO] LogOutputStream:77 - [STDOUT_REDIRECT] 1 : Invalid condition id : UX_CORESTACK_Condition cause : null
2023-10-03 13:50:55,557 [WARN] PackLoader:240 - Cannot read IP mode file for STMicroelectronics.X-CUBE-AZRTOS-WL.2.0.0
2023-10-03 13:50:55,602 [WARN] PackLoader:240 - Cannot read IP mode file for WES.I-CUBE-Cesium.1.3.0
2023-10-03 13:50:55,625 [WARN] PackLoader:240 - Cannot read IP mode file for STMicroelectronics.X-CUBE-BLE2.3.3.0
2023-10-03 13:50:55,648 [WARN] PackLoader:240 - Cannot read IP mode file for STMicroelectronics.X-CUBE-ALGOBUILD.1.3.0
2023-10-03 13:50:55,684 [WARN] PackLoader:240 - Cannot read IP mode file for STMicroelectronics.X-CUBE-AZRTOS-G0.1.1.0
2023-10-03 13:50:55,705 [WARN] PackLoader:240 - Cannot read IP mode file for STMicroelectronics.X-CUBE-NFC4.3.0.0
2023-10-03 13:50:55,720 [WARN] PackLoader:240 - Cannot read IP mode file for STMicroelectronics.FP-ATR-SIGFOX1.3.2.0
2023-10-03 13:50:55,787 [WARN] PackLoader:240 - Cannot read IP mode file for SEGGER.I-CUBE-embOS.1.3.1
2023-10-03 13:50:55,911 [WARN] PackLoader:240 - Cannot read IP mode file for STMicroelectronics.X-CUBE-GNSS1.6.0.0
2023-10-03 13:50:55,958 [WARN] PackLoader:240 - Cannot read IP mode file for STMicroelectronics.X-CUBE-AZRTOS-F4.1.1.0
2023-10-03 13:50:55,977 [WARN] PackLoader:240 - Cannot read IP mode file for wolfSSL.I-CUBE-wolfSSL.5.6.3
2023-10-03 13:50:56,020 [WARN] PackLoader:240 - Cannot read IP mode file for STMicroelectronics.X-CUBE-AZRTOS-L5.2.0.0
2023-10-03 13:50:56,096 [WARN] PackLoader:240 - Cannot read IP mode file for STMicroelectronics.X-CUBE-MEMS1.9.6.0
2023-10-03 13:50:56,317 [WARN] PackLoader:240 - Cannot read IP mode file for STMicroelectronics.X-CUBE-BLEMGR.2.0.0
2023-10-03 13:50:56,358 [WARN] ConditionMgr:438 - getConditionDescription Invalid condition id : UX DEVICE CLASS RTOS Condition cause : null
2023-10-03 13:50:56,359 [WARN] ConditionMgr:438 - getConditionDescription Invalid condition id : UX DEVICE CLASS RTOS Condition cause : null
2023-10-03 13:50:56,362 [WARN] PackLoader:240 - Cannot read IP mode file for STMicroelectronics.X-CUBE-AZRTOS-H7.3.1.0
2023-10-03 13:50:56,363 [WARN] ConditionMgr:1039 - genDependencies : Invalid condition id : UX DEVICE CLASS RTOS Condition cause : null
2023-10-03 13:50:56,363 [WARN] ConditionMgr:1039 - genDependencies : Invalid condition id : UX DEVICE CLASS RTOS Condition cause : null
2023-10-03 13:50:56,364 [WARN] ConditionMgr:1039 - genDependencies : Invalid condition id : UX DEVICE CLASS RTOS Condition cause : null
2023-10-03 13:50:56,365 [WARN] ConditionMgr:1039 - genDependencies : Invalid condition id : UX DEVICE CLASS RTOS Condition cause : null
2023-10-03 13:50:56,365 [WARN] ConditionMgr:1039 - genDependencies : Invalid condition id : UX DEVICE CLASS RTOS Condition cause : null
2023-10-03 13:50:56,386 [WARN] PackLoader:240 - Cannot read IP mode file for STMicroelectronics.X-CUBE-NFC7.1.0.1
2023-10-03 13:50:56,408 [WARN] PackLoader:240 - Cannot read IP mode file for STMicroelectronics.X-CUBE-NFC6.3.0.0
2023-10-03 13:50:56,432 [WARN] PackLoader:240 - Cannot read IP mode file for STMicroelectronics.X-CUBE-EEPRMA1.4.1.0
2023-10-03 13:50:56,455 [WARN] PackLoader:240 - Cannot read IP mode file for STMicroelectronics.X-CUBE-AI.8.1.0
2023-10-03 13:50:56,502 [WARN] ConditionMgr:438 - getConditionDescription Invalid condition id : LAN8742 Phy interface Condition cause : null
2023-10-03 13:50:56,504 [WARN] PackLoader:240 - Cannot read IP mode file for STMicroelectronics.X-CUBE-AZRTOS-L4.2.0.0
2023-10-03 13:50:56,506 [WARN] ConditionMgr:1039 - genDependencies : Invalid condition id : LAN8742 Phy interface Condition cause : null
2023-10-03 13:50:56,507 [WARN] ConditionMgr:1039 - genDependencies : Invalid condition id : LAN8742 Phy interface Condition cause : null
2023-10-03 13:50:56,508 [WARN] ConditionMgr:1039 - genDependencies : Invalid condition id : LAN8742 Phy interface Condition cause : null
2023-10-03 13:50:56,537 [WARN] PackLoader:240 - Cannot read IP mode file for STMicroelectronics.X-CUBE-SFXS2LP1.4.0.0
2023-10-03 13:50:56,562 [WARN] PackLoader:240 - Cannot read IP mode file for STMicroelectronics.X-CUBE-ISPU.1.1.0
2023-10-03 13:50:56,601 [WARN] ConditionMgr:438 - getConditionDescription Invalid condition id : UX DEVICE CLASS RTOS Condition cause : null
2023-10-03 13:50:56,601 [WARN] ConditionMgr:438 - getConditionDescription Invalid condition id : UX DEVICE CLASS RTOS Condition cause : null
2023-10-03 13:50:56,604 [WARN] PackLoader:240 - Cannot read IP mode file for STMicroelectronics.X-CUBE-AZRTOS-WB.2.0.0
2023-10-03 13:50:56,604 [WARN] ConditionMgr:1039 - genDependencies : Invalid condition id : UX DEVICE CLASS RTOS Condition cause : null
2023-10-03 13:50:56,605 [WARN] ConditionMgr:1039 - genDependencies : Invalid condition id : UX DEVICE CLASS RTOS Condition cause : null
2023-10-03 13:50:56,606 [WARN] ConditionMgr:1039 - genDependencies : Invalid condition id : UX DEVICE CLASS RTOS Condition cause : null
2023-10-03 13:50:56,607 [WARN] ConditionMgr:1039 - genDependencies : Invalid condition id : UX DEVICE CLASS RTOS Condition cause : null
2023-10-03 13:50:56,607 [WARN] ConditionMgr:1039 - genDependencies : Invalid condition id : UX DEVICE CLASS RTOS Condition cause : null
2023-10-03 13:50:56,634 [WARN] PackLoader:240 - Cannot read IP mode file for STMicroelectronics.X-CUBE-FREERTOS.1.0.1
2023-10-03 13:50:56,692 [WARN] PackLoader:240 - Cannot read IP mode file for STMicroelectronics.X-CUBE-AZRTOS-L5.1.1.0
2023-10-03 13:50:56,752 [WARN] PackLoader:240 - Cannot read IP mode file for STMicroelectronics.X-CUBE-SUBG2.5.0.0
2023-10-03 13:50:56,790 [WARN] PackLoader:240 - Cannot read IP mode file for STMicroelectronics.X-CUBE-TOF1.3.3.1
2023-10-03 13:50:56,812 [INFO] WebApp:753 - Register for checkConnection events
2023-10-03 13:50:56,812 [INFO] WebApp:390 - Apply proxy settings
2023-10-03 13:50:56,813 [INFO] WebApp:475 - Chromium requires no authentication
2023-10-03 13:50:56,828 [INFO] WebApp:418 - Direct internet connection detected
2023-10-03 13:50:56,831 [WARN] PackLoader:240 - Cannot read IP mode file for STMicroelectronics.X-CUBE-AZRTOS-G4.2.0.0
2023-10-03 13:50:56,849 [WARN] PackLoader:240 - Cannot read IP mode file for STMicroelectronics.X-CUBE-FREERTOS.1.1.0
2023-10-03 13:50:56,867 [WARN] PackLoader:240 - Cannot read IP mode file for portGmbH.I-Cube-SoM-uGOAL.1.1.0
2023-10-03 13:50:56,885 [WARN] PackLoader:240 - Cannot read IP mode file for STMicroelectronics.X-CUBE-ALS.1.0.1
2023-10-03 13:50:56,913 [WARN] PackLoader:240 - Cannot read IP mode file for STMicroelectronics.X-CUBE-AZRTOS-WB.1.1.0
2023-10-03 13:50:56,931 [WARN] PackLoader:240 - Cannot read IP mode file for STMicroelectronics.FP-ATR-ASTRA1.2.0.0
2023-10-03 13:50:56,933 [INFO] ThirdParty:978 - Integrity check success = true
2023-10-03 13:50:56,933 [INFO] IntegrityCheckThread:100 - exiting critical section [integrity check]
2023-10-03 13:50:56,933 [INFO] IntegrityCheckThread:103 - End integrity checks thread
2023-10-03 13:50:57,135 [INFO] WebApp:188 - Starting web application
2023-10-03 13:50:57,135 [INFO] WebApp:520 - Web application path used C:\ST\STM32CubeIDE_1.13.1\STM32CubeIDE\plugins\com.st.stm32cube.common.mx_6.9.1.202307191849\db\plugins\mcufinder\reactClient1\index.html
2023-10-03 13:51:18,210 [ERROR] LogOutputStream:75 - [STDERR_REDIRECT] SLF4J: Failed to load class "org.slf4j.impl.StaticLoggerBinder".
2023-10-03 13:51:18,210 [ERROR] LogOutputStream:75 - [STDERR_REDIRECT] SLF4J: Defaulting to no-operation (NOP) logger implementation
2023-10-03 13:51:18,212 [ERROR] LogOutputStream:75 - [STDERR_REDIRECT] SLF4J: See http://www.slf4j.org/codes.html#StaticLoggerBinder for further details.
